<?xml version="1.0" encoding="UTF-8"?>
<!-- Generated by org.testng.reporters.JUnitReportReporter -->
<testsuite hostname="DESKTOP-V1LJV9F" failures="0" tests="1" name="TestSuite.AllTest" time="87.486" errors="0" timestamp="13 Apr 2022 06:23:06 GMT" skipped="0">
  <testcase classname="TestSuite.AllTest" name="testing" time="87.486"/>
</testsuite> <!-- TestSuite.AllTest -->
